<?xml version="1.0" encoding="UTF-8"?>
<!-- Generated by org.testng.reporters.JUnitReportReporter -->
<testsuite hostname="DESKTOP-CSJRUOG" failures="0" tests="4" name="com.justdial.testcases.FitnessTestCases" time="12.188" errors="0" timestamp="26 Jul 2021 14:15:13 GMT" skipped="0">
  <testcase classname="com.justdial.testcases.FitnessTestCases" name="fitness" time="9.649"/>
  <testcase classname="com.justdial.testcases.FitnessTestCases" name="fitnessMenu" time="0.535"/>
  <testcase classname="com.justdial.testcases.FitnessTestCases" name="gym" time="1.638"/>
  <testcase classname="com.justdial.testcases.FitnessTestCases" name="gymMenu" time="0.366"/>
</testsuite> <!-- com.justdial.testcases.FitnessTestCases -->
